<?xml version="1.0" encoding="UTF-8"?>
<!-- Generated by org.testng.reporters.JUnitReportReporter -->
<testsuite skipped="0" hostname="LAPTOP-O1ADAID9" name="com.nopCommerce.TestRunner.nopCommerce_testrunner" tests="1" failures="0" timestamp="2023-07-12T09:49:14 EDT" time="35.027" errors="0">
  <testcase name="feature" time="35.027" classname="com.nopCommerce.TestRunner.nopCommerce_testrunner"/>
  <system-out>
    <![CDATA[Launched the Application
Entered User Name
Entered Password
Clicked on 'Login' Button
Clicked on 'Login' Button
Clicked on 'Logout' Button
Closed Browser
Launched the Application
Entered User Name
Entered Password
Clicked on 'Login' Button
Clicked on 'Login' Button
Clicked on 'Logout' Button
Closed Browser]]>
  </system-out>
</testsuite> <!-- com.nopCommerce.TestRunner.nopCommerce_testrunner -->
